<?xml version="1.0" encoding="UTF-8" standalone="no"?>
<?xml-stylesheet type="text/xsl" href="../jgenhtml.xsl"?><coverage branch-rate="NaN" branches-covered="0" branches-valid="0" complexity="0" date="2024-05-06" filename="index" function-rate="NaN" functions-covered="0" functions-valid="0" line-rate="0.9133858" lines-covered="116" lines-valid="127" package="screen" testname="lcov.info" version="1.6">
    <sources>
        <source branches-hit="0" branches-valid="0" filename="main_page.dart" functions-hit="0" functions-valid="0" lines-hit="38" lines-valid="45" prefix="/Users/ztcha/IdeaProjects/namer_app/lib/">
            <testCase branches-hit="0" functions-hit="0" lines-hit="38" name="&lt;unnamed&gt;"/>
        </source>
        <source branches-hit="0" branches-valid="0" filename="create_page.dart" functions-hit="0" functions-valid="0" lines-hit="30" lines-valid="32" prefix="/Users/ztcha/IdeaProjects/namer_app/lib/">
            <testCase branches-hit="0" functions-hit="0" lines-hit="30" name="&lt;unnamed&gt;"/>
        </source>
        <source branches-hit="0" branches-valid="0" filename="edit_item_page.dart" functions-hit="0" functions-valid="0" lines-hit="48" lines-valid="50" prefix="/Users/ztcha/IdeaProjects/namer_app/lib/">
            <testCase branches-hit="0" functions-hit="0" lines-hit="48" name="&lt;unnamed&gt;"/>
        </source>
    </sources>
    <config branch-coverage="true" description-file="false" function-coverage="true" genhtml_hi_limit="90" genhtml_med_limit="75" legend="false" no-sort="false" no-source="false" show-details="false"/>
    <base href="../"/>
    <base href="../"/>
</coverage>
