<?xml version="1.0" encoding="UTF-8" standalone="no"?>
<?xml-stylesheet type="text/xsl" href="jgenhtml.xsl"?><coverage branch-rate="NaN" branches-covered="0" branches-valid="0" complexity="0" date="2024-05-06" filename="index" function-rate="NaN" functions-covered="0" functions-valid="0" line-rate="0.9268293" lines-covered="152" lines-valid="164" testname="lcov.info" version="1.6">
    <sources>
        <source branches-hit="0" branches-valid="0" functions-hit="0" functions-valid="0" lines-hit="116" lines-valid="127" pathname="screen" prefix="/Users/ztcha/IdeaProjects/namer_app/lib/"/>
        <source branches-hit="0" branches-valid="0" functions-hit="0" functions-valid="0" lines-hit="31" lines-valid="32" pathname="backend" prefix="/Users/ztcha/IdeaProjects/namer_app/lib/"/>
        <source branches-hit="0" branches-valid="0" functions-hit="0" functions-valid="0" lines-hit="5" lines-valid="5" pathname="model" prefix="/Users/ztcha/IdeaProjects/namer_app/lib/"/>
    </sources>
    <config branch-coverage="true" description-file="false" function-coverage="true" genhtml_hi_limit="90" genhtml_med_limit="75" legend="false" no-sort="false" no-source="false" show-details="false"/>
</coverage>
