SF:lib\backend\backend.dart
DA:13,2
DA:14,4
DA:16,4
DA:17,14
DA:19,1
DA:24,1
DA:26,1
DA:31,2
DA:32,1
DA:33,1
DA:36,2
DA:37,4
DA:39,1
DA:44,1
DA:46,3
DA:48,2
DA:49,4
DA:53,0
DA:57,1
DA:58,3
DA:60,2
DA:64,3
DA:65,3
DA:69,2
DA:70,2
DA:75,2
DA:76,4
DA:77,2
DA:78,2
DA:81,4
DA:82,8
DA:84,1
LF:32
LH:31
end_of_record
SF:lib\model\item.dart
DA:7,5
DA:13,10
DA:14,5
DA:15,5
DA:16,5
LF:5
LH:5
end_of_record
SF:lib\screen\create_page.dart
DA:10,2
DA:12,2
DA:14,2
DA:24,2
DA:26,2
DA:27,6
DA:28,6
DA:31,2
DA:34,2
DA:35,2
DA:37,2
DA:38,2
DA:41,2
DA:44,1
DA:45,1
DA:52,2
DA:53,2
DA:57,2
DA:60,1
DA:61,1
DA:69,2
DA:70,2
DA:71,1
DA:72,3
DA:73,0
DA:74,0
DA:77,2
DA:80,2
DA:81,2
DA:82,2
DA:83,2
DA:84,2
LF:32
LH:30
end_of_record
SF:lib\screen\edit_item_page.dart
DA:11,1
DA:13,1
DA:14,1
DA:19,2
DA:20,2
DA:22,1
DA:24,1
DA:25,1
DA:28,1
DA:30,7
DA:31,1
DA:32,2
DA:33,3
DA:34,3
DA:37,1
DA:39,4
DA:40,1
DA:45,1
DA:47,1
DA:48,1
DA:49,1
DA:50,1
DA:51,1
DA:52,1
DA:59,1
DA:60,1
DA:61,1
DA:63,1
DA:64,1
DA:65,1
DA:72,1
DA:73,1
DA:74,1
DA:75,3
DA:76,3
DA:77,2
DA:78,2
DA:79,2
DA:80,2
DA:81,2
DA:82,1
DA:83,1
DA:84,0
DA:85,0
DA:89,1
DA:92,1
DA:93,1
DA:94,1
DA:95,1
DA:96,1
LF:50
LH:48
end_of_record
SF:lib\screen\main_page.dart
DA:13,1
DA:15,1
DA:16,1
DA:27,1
DA:29,1
DA:30,3
DA:31,3
DA:35,1
DA:37,1
DA:38,1
DA:40,1
DA:41,1
DA:44,1
DA:45,3
DA:46,1
DA:47,1
DA:48,1
DA:49,2
DA:50,1
DA:51,2
DA:52,1
DA:53,1
DA:54,2
DA:55,2
DA:56,1
DA:58,1
DA:59,1
DA:60,1
DA:63,0
DA:65,0
DA:66,0
DA:68,0
DA:70,0
DA:74,1
DA:75,1
DA:78,0
DA:79,0
DA:88,1
DA:89,1
DA:93,1
DA:95,2
DA:97,2
DA:98,3
DA:100,1
DA:101,1
LF:45
LH:38
end_of_record
